<?xml version="1.0" encoding="UTF-8"?>
<!-- Generated by org.testng.reporters.JUnitReportReporter -->
<testsuite skipped="0" hostname="LAPTOP-BT32JETL" name="JavaStreams.StreamBasicPratice" tests="1" failures="0" timestamp="2021-01-14T00:11:51 IST" time="0.020" errors="0">
  <testcase name="filter" time="0.020" classname="JavaStreams.StreamBasicPratice"/>
  <system-out/>
</testsuite> <!-- JavaStreams.StreamBasicPratice -->
